<?xml version="1.0" encoding="UTF-8"?>
<!-- Generated by org.testng.reporters.JUnitReportReporter -->
<testsuite hostname="Hezekiah" failures="0" tests="2" name="testCases.TC001_AccountRegistrationTest" time="9.137" errors="0" timestamp="2024-09-24T23:52:07 ADT" skipped="0">
  <testcase classname="testCases.TC001_AccountRegistrationTest" name="verify_account_registration" time="5.593"/>
  <testcase classname="testCases.TC001_AccountRegistrationTest" name="verify_account_registration" time="3.544"/>
</testsuite> <!-- testCases.TC001_AccountRegistrationTest -->
