<?xml version="1.0" encoding="UTF-8"?>
<!-- Generated by org.testng.reporters.JUnitReportReporter -->
<testsuite hostname="Hezekiah" failures="0" tests="1" name="testCases.TC001_AccountRegistrationTest" time="4.870" errors="0" timestamp="2024-09-28T00:51:12 ADT" skipped="0">
  <testcase classname="testCases.TC001_AccountRegistrationTest" name="verify_account_registration" time="4.870"/>
</testsuite> <!-- testCases.TC001_AccountRegistrationTest -->
