<?xml version="1.0" encoding="UTF-8"?>
<!-- Generated by org.testng.reporters.JUnitReportReporter -->
<testsuite hostname="Hezekiah" failures="0" tests="2" name="testCases.TC002_LoginTest" time="5.757" errors="0" timestamp="2024-09-24T23:52:07 ADT" skipped="0">
  <testcase classname="testCases.TC002_LoginTest" name="verify_login" time="2.999"/>
  <testcase classname="testCases.TC002_LoginTest" name="verify_login" time="2.758"/>
</testsuite> <!-- testCases.TC002_LoginTest -->
