<?xml version="1.0" encoding="UTF-8"?>
<!-- Generated by org.testng.reporters.JUnitReportReporter -->
<testsuite hostname="Hezekiah" failures="0" tests="1" name="testCases.TC001_AccountRegistrationTest" time="5.192" errors="0" timestamp="2024-09-25T23:04:02 ADT" skipped="0">
  <testcase classname="testCases.TC001_AccountRegistrationTest" name="verify_account_registration" time="5.192"/>
</testsuite> <!-- testCases.TC001_AccountRegistrationTest -->
